<?xml version="1.0" encoding="utf-8"?>
<!DOCTYPE coverage SYSTEM "http://cobertura.sourceforge.net/xml/coverage-04.dtd">
<coverage line-rate="0.9090909090909091" branch-rate="1" lines-covered="10" lines-valid="11" branches-covered="0" branches-valid="0" complexity="2" version="0" timestamp="1781716997">
  <sources>
    <source>C:\</source>
  </sources>
  <packages>
    <package name="WeatherPoC.Core" line-rate="0.9090909090909091" branch-rate="1" complexity="2">
      <classes>
        <class name="WeatherPoC.Core.LoggingSetup" filename="C:\Users\Andrew.Teece\AppData\Local\Temp\orchestrator-epiyoqp1\WeatherPoC.Core\LoggingSetup.cs" line-rate="0.9090909090909091" branch-rate="1" complexity="2">
          <methods>
            <method name="CreateConfiguration" signature="(System.String)" line-rate="1" branch-rate="1" complexity="1">
              <lines>
                <line number="21" hits="2" branch="false" />
                <line number="22" hits="2" branch="false" />
                <line number="24" hits="2" branch="false" />
                <line number="26" hits="2" branch="false" />
                <line number="27" hits="2" branch="false" />
                <line number="28" hits="2" branch="false" />
                <line number="29" hits="2" branch="false" />
                <line number="30" hits="2" branch="false" />
                <line number="31" hits="2" branch="false" />
                <line number="32" hits="2" branch="false" />
              </lines>
            </method>
            <method name="Unreached" signature="()" line-rate="0" branch-rate="1" complexity="1">
              <lines>
                <line number="34" hits="0" branch="false" />
              </lines>
            </method>
          </methods>
          <lines>
            <line number="21" hits="2" branch="false" />
            <line number="22" hits="2" branch="false" />
            <line number="24" hits="2" branch="false" />
            <line number="26" hits="2" branch="false" />
            <line number="27" hits="2" branch="false" />
            <line number="28" hits="2" branch="false" />
            <line number="29" hits="2" branch="false" />
            <line number="30" hits="2" branch="false" />
            <line number="31" hits="2" branch="false" />
            <line number="32" hits="2" branch="false" />
            <line number="34" hits="0" branch="false" />
          </lines>
        </class>
      </classes>
    </package>
  </packages>
</coverage>